<?xml version="1.0" encoding="UTF-8"?>
<!-- Generated by org.testng.reporters.JUnitXMLReporter -->
<testsuite ignored="0" hostname="DESKTOP-Q7GGFVF" failures="0" tests="3" name="Default test" time="0.477" errors="0" timestamp="2023-04-11T15:56:44 IST">
  <testcase classname="com.sgtesting.product1.Product1" name="CreateProduct" time="0.034"/>
  <testcase classname="com.sgtesting.product1.Product1" name="ModifyProduct" time="0.135"/>
  <testcase classname="com.sgtesting.product1.Product1" name="deleteproduct" time="0.031"/>
</testsuite> <!-- Default test -->
