<?xml version="1.0" encoding="UTF-8"?>
<testng-results ignored="0" total="3" passed="3" failed="0" skipped="0">
  <reporter-output>
  </reporter-output>
  <suite started-at="2023-04-11T15:56:43 IST" name="Default suite" finished-at="2023-04-11T15:56:44 IST" duration-ms="477">
    <groups>
    </groups>
    <test started-at="2023-04-11T15:56:43 IST" name="Default test" finished-at="2023-04-11T15:56:44 IST" duration-ms="477">
      <class name="com.sgtesting.product1.Product1">
        <test-method is-config="true" signature="SetUp()[pri:0, instance:com.sgtesting.product1.Product1@41e1e210]" started-at="2023-04-11T15:56:43 IST" name="SetUp" finished-at="2023-04-11T15:56:43 IST" duration-ms="17" status="PASS">
          <reporter-output>
          </reporter-output>
        </test-method> <!-- SetUp -->
        <test-method signature="CreateProduct()[pri:0, instance:com.sgtesting.product1.Product1@41e1e210]" started-at="2023-04-11T15:56:43 IST" name="CreateProduct" finished-at="2023-04-11T15:56:43 IST" duration-ms="34" status="PASS">
          <reporter-output>
          </reporter-output>
        </test-method> <!-- CreateProduct -->
        <test-method signature="ModifyProduct()[pri:0, instance:com.sgtesting.product1.Product1@41e1e210]" started-at="2023-04-11T15:56:43 IST" name="ModifyProduct" finished-at="2023-04-11T15:56:43 IST" duration-ms="135" status="PASS">
          <reporter-output>
          </reporter-output>
        </test-method> <!-- ModifyProduct -->
        <test-method signature="deleteproduct()[pri:0, instance:com.sgtesting.product1.Product1@41e1e210]" started-at="2023-04-11T15:56:44 IST" name="deleteproduct" finished-at="2023-04-11T15:56:44 IST" duration-ms="31" status="PASS">
          <reporter-output>
          </reporter-output>
        </test-method> <!-- deleteproduct -->
        <test-method is-config="true" signature="TearUp()[pri:0, instance:com.sgtesting.product1.Product1@41e1e210]" started-at="2023-04-11T15:56:44 IST" name="TearUp" finished-at="2023-04-11T15:56:44 IST" duration-ms="7" status="PASS">
          <reporter-output>
          </reporter-output>
        </test-method> <!-- TearUp -->
      </class> <!-- com.sgtesting.product1.Product1 -->
    </test> <!-- Default test -->
  </suite> <!-- Default suite -->
</testng-results>
