<?xml version="1.0" encoding="UTF-8"?>
<!-- Generated by org.testng.reporters.JUnitXMLReporter -->
<testsuite ignored="0" hostname="DESKTOP-Q7GGFVF" failures="0" tests="6" name="testcase" time="0.365" errors="0" timestamp="2023-03-28T21:47:41 IST">
  <testcase classname="com.sgtesting.Users1.Users1" name="CreateUser" time="0.017"/>
  <testcase classname="com.sgtesting.Users1.Users1" name="ModifyUser" time="0.008"/>
  <testcase classname="com.sgtesting.Users1.Users1" name="deleteUser" time="0.009"/>
  <testcase classname="com.sgtesting.product1.Product1" name="CreateProduct" time="0.03"/>
  <testcase classname="com.sgtesting.product1.Product1" name="ModifyProduct" time="0.039"/>
  <testcase classname="com.sgtesting.product1.Product1" name="deleteproduct" time="0.009"/>
</testsuite> <!-- testcase -->
