<?xml version="1.0" encoding="UTF-8"?>
<!-- Generated by org.testng.reporters.JUnitXMLReporter -->
<testsuite ignored="0" hostname="DESKTOP-Q7GGFVF" failures="0" tests="6" name="Users and Products" time="0.327" errors="0" timestamp="2023-03-27T10:17:53 IST">
  <testcase classname="com.sgtesting.users.Users" name="createuser" time="0.02"/>
  <testcase classname="com.sgtesting.users.Users" name="deleteUser" time="0.03"/>
  <testcase classname="com.sgtesting.users.Users" name="modifyeuser" time="0.011"/>
  <testcase classname="com.sgtesting.products.Products" name="creatproducts" time="0.018"/>
  <testcase classname="com.sgtesting.products.Products" name="deleteUser" time="0.012"/>
  <testcase classname="com.sgtesting.products.Products" name="modifyeproduct" time="0.008"/>
</testsuite> <!-- Users and Products -->
